Steps 

create-react-app learning_react
yarn add bootstrap@4.6.0 react-bootstrap@1.5.2 
yarn add react-router-dom@5.2.0
yarn add axios




Need to learn
WebVitals 
Strict Mode

Life Cycle Methods 



Pundit 


Smart Listing 


Fast json 
Active Model serializer 



Datatable 
https://medium.com/geogo-in/searching-sorting-pagination-in-rails-using-react-eb195fa58025

https://mdbootstrap.com/docs/react/tables/datatables/


Datatable ->  
Drag and Drop 
Form -> 
Chart and Graph -> chart js 



https://www.youtube.com/watch?v=emX5KvZ6Hbo

react-data-table-component 

https://github.com/jbetancur/react-data-table-component

Recharts JS 
Bizcharts Alibaba 

Chart JS 